TN:
SF:/Users/surenrk/suren/react/react-jsx-coverage-example1/src/util.js
FN:7,add
FNF:1
FNH:1
FNDA:1,add
DA:3,1
DA:6,1
DA:7,1
DA:8,1
LF:4
LH:4
BRF:0
BRH:0
end_of_record
TN:
SF:/Users/surenrk/suren/react/react-jsx-coverage-example1/src/react-components/UserProfileLink.jsx
FN:7,(anonymous_1)
FN:13,_interopRequireDefault
FN:17,render
FNF:3
FNH:2
FNDA:0,(anonymous_1)
FNDA:1,_interopRequireDefault
FNDA:1,render
DA:3,1
DA:7,1
DA:9,1
DA:11,1
DA:13,1
DA:15,1
DA:16,1
DA:19,1
DA:27,1
LF:9
LH:9
BRDA:7,1,0,1
BRDA:7,1,1,0
BRDA:7,2,0,0
BRDA:7,2,1,0
BRDA:13,3,0,0
BRDA:13,3,1,1
BRDA:13,4,0,1
BRDA:13,4,1,1
BRF:8
BRH:4
end_of_record
